<?xml version="1.0" encoding="UTF-8"?>
<!-- Generated by org.testng.reporters.JUnitXMLReporter -->
<testsuite hostname="TYSS-4F-053" ignored="12" name="FirefoxTest" tests="4" failures="0" timestamp="23 Nov 2017 06:54:27 GMT" time="9.714" errors="0">
  <testcase name="@BeforeClass initApplication" time="9.49" classname="com.hrm.common.BaseTest">
    <failure type="org.openqa.selenium.WebDriverException" message="Error loading page
Build info: version: &amp;apos;3.0.1&amp;apos;, revision: &amp;apos;1969d75&amp;apos;, time: &amp;apos;2016-10-18 09:48:19 -0700&amp;apos;
System info: host: &amp;apos;TYSS-4F-053&amp;apos;, ip: &amp;apos;10.10.14.180&amp;apos;, os.name: &amp;apos;Windows 10&amp;apos;, os.arch: &amp;apos;amd64&amp;apos;, os.version: &amp;apos;10.0&amp;apos;, java.version: &amp;apos;1.8.0_121&amp;apos;
Driver info: org.openqa.selenium.firefox.FirefoxDriver
Capabilities [{rotatable=false, raisesAccessibilityExceptions=false, marionette=true, firefoxOptions={args=[], prefs={}}, appBuildId=20160623154057, version=, platform=XP, proxy={}, command_id=1, specificationLevel=0, acceptSslCerts=false, browserVersion=47.0.1, platformVersion=10.0, XULappId={ec8030f7-c20a-464f-9b0e-13a3a9e97384}, browserName=Firefox, takesScreenshot=true, takesElementScreenshot=true, platformName=Windows_NT, device=desktop}]
Session ID: 085762e2-06f5-4fd7-bb49-ca5769558d67">
      <![CDATA[org.openqa.selenium.WebDriverException: Error loading page
Build info: version: '3.0.1', revision: '1969d75', time: '2016-10-18 09:48:19 -0700'
System info: host: 'TYSS-4F-053', ip: '10.10.14.180', os.name: 'Windows 10', os.arch: 'amd64', os.version: '10.0', java.version: '1.8.0_121'
Driver info: org.openqa.selenium.firefox.FirefoxDriver
Capabilities [{rotatable=false, raisesAccessibilityExceptions=false, marionette=true, firefoxOptions={args=[], prefs={}}, appBuildId=20160623154057, version=, platform=XP, proxy={}, command_id=1, specificationLevel=0, acceptSslCerts=false, browserVersion=47.0.1, platformVersion=10.0, XULappId={ec8030f7-c20a-464f-9b0e-13a3a9e97384}, browserName=Firefox, takesScreenshot=true, takesElementScreenshot=true, platformName=Windows_NT, device=desktop}]
Session ID: 085762e2-06f5-4fd7-bb49-ca5769558d67
	at org.openqa.selenium.remote.http.W3CHttpResponseCodec.createException(W3CHttpResponseCodec.java:127)
	at org.openqa.selenium.remote.http.W3CHttpResponseCodec.decode(W3CHttpResponseCodec.java:93)
	at org.openqa.selenium.remote.http.W3CHttpResponseCodec.decode(W3CHttpResponseCodec.java:42)
	at org.openqa.selenium.remote.HttpCommandExecutor.execute(HttpCommandExecutor.java:163)
	at org.openqa.selenium.remote.service.DriverCommandExecutor.execute(DriverCommandExecutor.java:82)
	at org.openqa.selenium.remote.RemoteWebDriver.execute(RemoteWebDriver.java:601)
	at org.openqa.selenium.remote.RemoteWebDriver.get(RemoteWebDriver.java:322)
	at com.hrm.common.BaseTest.initApplication(BaseTest.java:96)
... Removed 29 stack frames]]>
    </failure>
  </testcase> <!-- @BeforeClass initApplication -->
  <testcase name="@BeforeMethod preCondition" time="0.0" classname="com.hrm.common.BaseTest">
    <skipped/>
  </testcase> <!-- @BeforeMethod preCondition -->
  <testcase name="@AfterMethod postCondition" time="0.0" classname="com.hrm.common.BaseTest">
    <skipped/>
  </testcase> <!-- @AfterMethod postCondition -->
  <testcase name="@AfterClass cleanApplication" time="0.0" classname="com.hrm.common.BaseTest">
    <skipped/>
  </testcase> <!-- @AfterClass cleanApplication -->
  <testcase name="@BeforeClass initApplication" time="0.0" classname="com.hrm.common.BaseTest">
    <skipped/>
  </testcase> <!-- @BeforeClass initApplication -->
  <testcase name="@BeforeMethod preCondition" time="0.0" classname="com.hrm.common.BaseTest">
    <skipped/>
  </testcase> <!-- @BeforeMethod preCondition -->
  <testcase name="@AfterMethod postCondition" time="0.0" classname="com.hrm.common.BaseTest">
    <skipped/>
  </testcase> <!-- @AfterMethod postCondition -->
  <testcase name="@AfterClass cleanApplication" time="0.002" classname="com.hrm.common.BaseTest">
    <skipped/>
  </testcase> <!-- @AfterClass cleanApplication -->
  <testcase name="@BeforeClass initApplication" time="0.0" classname="com.hrm.common.BaseTest">
    <skipped/>
  </testcase> <!-- @BeforeClass initApplication -->
  <testcase name="@BeforeMethod preCondition" time="0.0" classname="com.hrm.common.BaseTest">
    <skipped/>
  </testcase> <!-- @BeforeMethod preCondition -->
  <testcase name="@AfterMethod postCondition" time="0.0" classname="com.hrm.common.BaseTest">
    <skipped/>
  </testcase> <!-- @AfterMethod postCondition -->
  <testcase name="@AfterClass cleanApplication" time="0.0" classname="com.hrm.common.BaseTest">
    <skipped/>
  </testcase> <!-- @AfterClass cleanApplication -->
  <testcase name="@BeforeClass initApplication" time="0.0" classname="com.hrm.common.BaseTest">
    <skipped/>
  </testcase> <!-- @BeforeClass initApplication -->
  <testcase name="@BeforeMethod preCondition" time="0.0" classname="com.hrm.common.BaseTest">
    <skipped/>
  </testcase> <!-- @BeforeMethod preCondition -->
  <testcase name="@AfterMethod postCondition" time="0.0" classname="com.hrm.common.BaseTest">
    <skipped/>
  </testcase> <!-- @AfterMethod postCondition -->
  <testcase name="@AfterClass cleanApplication" time="0.0" classname="com.hrm.common.BaseTest">
    <skipped/>
  </testcase> <!-- @AfterClass cleanApplication -->
  <testcase name="@AfterTest closeBrowser" time="0.0" classname="com.hrm.common.BaseTest">
    <skipped/>
  </testcase> <!-- @AfterTest closeBrowser -->
  <testcase name="testLoginScenario" time="0.0" classname="com.hrm.scripts.ExplicitLoginScenario">
    <skipped/>
  </testcase> <!-- testLoginScenario -->
  <testcase name="testLoginScenario" time="0.0" classname="com.hrm.scripts.ImplicitLoginScenario">
    <skipped/>
  </testcase> <!-- testLoginScenario -->
  <testcase name="testLoginLogout" time="0.0" classname="com.hrm.scripts.VerifyLoginLogout">
    <skipped/>
  </testcase> <!-- testLoginLogout -->
  <testcase name="testLogo" time="0.0" classname="com.hrm.scripts.VerifyLogo">
    <skipped/>
  </testcase> <!-- testLogo -->
  <testcase name="@BeforeTest initBrowser" time="0.0" classname="com.hrm.common.BaseTest">
    <ignored/>
  </testcase> <!-- @BeforeTest initBrowser -->
  <testcase name="@BeforeTest initBrowser" time="0.0" classname="com.hrm.common.BaseTest">
    <ignored/>
  </testcase> <!-- @BeforeTest initBrowser -->
  <testcase name="@BeforeTest initBrowser" time="0.0" classname="com.hrm.common.BaseTest">
    <ignored/>
  </testcase> <!-- @BeforeTest initBrowser -->
  <testcase name="@BeforeSuite initFrameWork" time="0.0" classname="com.hrm.common.BaseTest">
    <ignored/>
  </testcase> <!-- @BeforeSuite initFrameWork -->
  <testcase name="@BeforeSuite initFrameWork" time="0.0" classname="com.hrm.common.BaseTest">
    <ignored/>
  </testcase> <!-- @BeforeSuite initFrameWork -->
  <testcase name="@BeforeSuite initFrameWork" time="0.0" classname="com.hrm.common.BaseTest">
    <ignored/>
  </testcase> <!-- @BeforeSuite initFrameWork -->
  <testcase name="@AfterTest closeBrowser" time="0.0" classname="com.hrm.common.BaseTest">
    <ignored/>
  </testcase> <!-- @AfterTest closeBrowser -->
  <testcase name="@AfterTest closeBrowser" time="0.0" classname="com.hrm.common.BaseTest">
    <ignored/>
  </testcase> <!-- @AfterTest closeBrowser -->
  <testcase name="@AfterTest closeBrowser" time="0.0" classname="com.hrm.common.BaseTest">
    <ignored/>
  </testcase> <!-- @AfterTest closeBrowser -->
  <testcase name="@AfterSuite closeFrameWork" time="0.0" classname="com.hrm.common.BaseTest">
    <ignored/>
  </testcase> <!-- @AfterSuite closeFrameWork -->
  <testcase name="@AfterSuite closeFrameWork" time="0.0" classname="com.hrm.common.BaseTest">
    <ignored/>
  </testcase> <!-- @AfterSuite closeFrameWork -->
  <testcase name="@AfterSuite closeFrameWork" time="0.0" classname="com.hrm.common.BaseTest">
    <ignored/>
  </testcase> <!-- @AfterSuite closeFrameWork -->
</testsuite> <!-- FirefoxTest -->
